Determining if the pthread_create exist failed with the following output:
Change Dir: /home/justin/gits/rosttest/catkin_ws/build/CMakeFiles/CMakeTmp

Run Build Command:"/usr/bin/make" "cmTC_0a299/fast"
/usr/bin/make -f CMakeFiles/cmTC_0a299.dir/build.make CMakeFiles/cmTC_0a299.dir/build
make[1]: Entering directory '/home/justin/gits/rosttest/catkin_ws/build/CMakeFiles/CMakeTmp'
Building C object CMakeFiles/cmTC_0a299.dir/CheckSymbolExists.c.o
/usr/bin/cc     -o CMakeFiles/cmTC_0a299.dir/CheckSymbolExists.c.o   -c /home/justin/gits/rosttest/catkin_ws/build/CMakeFiles/CMakeTmp/CheckSymbolExists.c
Linking C executable cmTC_0a299
/usr/bin/cmake -E cmake_link_script CMakeFiles/cmTC_0a299.dir/link.txt --verbose=1
/usr/bin/cc       CMakeFiles/cmTC_0a299.dir/CheckSymbolExists.c.o  -o cmTC_0a299 -rdynamic 
CMakeFiles/cmTC_0a299.dir/CheckSymbolExists.c.o: In function `main':
CheckSymbolExists.c:(.text+0x16): undefined reference to `pthread_create'
collect2: error: ld returned 1 exit status
CMakeFiles/cmTC_0a299.dir/build.make:97: recipe for target 'cmTC_0a299' failed
make[1]: *** [cmTC_0a299] Error 1
make[1]: Leaving directory '/home/justin/gits/rosttest/catkin_ws/build/CMakeFiles/CMakeTmp'
Makefile:126: recipe for target 'cmTC_0a299/fast' failed
make: *** [cmTC_0a299/fast] Error 2

File /home/justin/gits/rosttest/catkin_ws/build/CMakeFiles/CMakeTmp/CheckSymbolExists.c:
/* */
#include <pthread.h>

int main(int argc, char** argv)
{
  (void)argv;
#ifndef pthread_create
  return ((int*)(&pthread_create))[argc];
#else
  (void)argc;
  return 0;
#endif
}

Determining if the function pthread_create exists in the pthreads failed with the following output:
Change Dir: /home/justin/gits/rosttest/catkin_ws/build/CMakeFiles/CMakeTmp

Run Build Command:"/usr/bin/make" "cmTC_57fbe/fast"
/usr/bin/make -f CMakeFiles/cmTC_57fbe.dir/build.make CMakeFiles/cmTC_57fbe.dir/build
make[1]: Entering directory '/home/justin/gits/rosttest/catkin_ws/build/CMakeFiles/CMakeTmp'
Building C object CMakeFiles/cmTC_57fbe.dir/CheckFunctionExists.c.o
/usr/bin/cc    -DCHECK_FUNCTION_EXISTS=pthread_create   -o CMakeFiles/cmTC_57fbe.dir/CheckFunctionExists.c.o   -c /usr/share/cmake-3.5/Modules/CheckFunctionExists.c
Linking C executable cmTC_57fbe
/usr/bin/cmake -E cmake_link_script CMakeFiles/cmTC_57fbe.dir/link.txt --verbose=1
/usr/bin/cc   -DCHECK_FUNCTION_EXISTS=pthread_create    CMakeFiles/cmTC_57fbe.dir/CheckFunctionExists.c.o  -o cmTC_57fbe -rdynamic -lpthreads 
/usr/bin/ld: cannot find -lpthreads
collect2: error: ld returned 1 exit status
CMakeFiles/cmTC_57fbe.dir/build.make:97: recipe for target 'cmTC_57fbe' failed
make[1]: *** [cmTC_57fbe] Error 1
make[1]: Leaving directory '/home/justin/gits/rosttest/catkin_ws/build/CMakeFiles/CMakeTmp'
Makefile:126: recipe for target 'cmTC_57fbe/fast' failed
make: *** [cmTC_57fbe/fast] Error 2


